error timeStamp = 2023-11-09T20:37:50.795452200
java.lang.NullPointerException
	at java.base/java.io.File.<init>(File.java:278)
	at com.assignmentOne.Application.main(Application.java:62)


error timeStamp = 2023-11-09T20:38:29.405603400
java.io.FileNotFoundException: 4 (The system cannot find the file specified)
	at java.base/java.io.FileInputStream.open0(Native Method)
	at java.base/java.io.FileInputStream.open(FileInputStream.java:213)
	at java.base/java.io.FileInputStream.<init>(FileInputStream.java:152)
	at java.base/java.util.Scanner.<init>(Scanner.java:645)
	at com.assignmentOne.PrivateChat.privateRead(PrivateChat.java:29)
	at com.assignmentOne.Application.main(Application.java:63)


error timeStamp = 2023-11-09T20:41:06.208725700
java.io.FileNotFoundException: 5 (The system cannot find the file specified)
	at java.base/java.io.FileInputStream.open0(Native Method)
	at java.base/java.io.FileInputStream.open(FileInputStream.java:213)
	at java.base/java.io.FileInputStream.<init>(FileInputStream.java:152)
	at java.base/java.util.Scanner.<init>(Scanner.java:645)
	at com.assignmentOne.PrivateChat.privateRead(PrivateChat.java:29)
	at com.assignmentOne.Application.main(Application.java:63)


